<?xml version="1.0" encoding="UTF-8"?>
<testsuite xmlns:xsi="http://www.w3.org/2001/XMLSchema-instance" xsi:noNamespaceSchemaLocation="https://maven.apache.org/surefire/maven-surefire-plugin/xsd/surefire-test-report.xsd" name="oak.collect.query.aggregate.AverageTest" time="0.001" tests="4" errors="0" skipped="0" failures="0">
  <properties>
    <property name="sun.desktop" value="gnome"/>
    <property name="awt.toolkit" value="sun.awt.X11.XToolkit"/>
    <property name="java.specification.version" value="11"/>
    <property name="sun.cpu.isalist" value=""/>
    <property name="sun.jnu.encoding" value="UTF-8"/>
    <property name="java.class.path" value="/home/lug/prjs/trydent/oak/oak-base/target/test-classes:/home/lug/.m2/repository/org/slf4j/slf4j-api/1.8.0-beta2/slf4j-api-1.8.0-beta2.jar:/home/lug/.m2/repository/org/apache/logging/log4j/log4j-slf4j-impl/2.11.1/log4j-slf4j-impl-2.11.1.jar:/home/lug/.m2/repository/org/apache/logging/log4j/log4j-api/2.11.1/log4j-api-2.11.1.jar:/home/lug/.m2/repository/org/apache/logging/log4j/log4j-core/2.11.1/log4j-core-2.11.1.jar:/home/lug/.m2/repository/org/junit/jupiter/junit-jupiter-engine/5.3.0-RC1/junit-jupiter-engine-5.3.0-RC1.jar:/home/lug/.m2/repository/org/apiguardian/apiguardian-api/1.0.0/apiguardian-api-1.0.0.jar:/home/lug/.m2/repository/org/junit/platform/junit-platform-engine/1.3.0-RC1/junit-platform-engine-1.3.0-RC1.jar:/home/lug/.m2/repository/org/junit/platform/junit-platform-commons/1.3.0-RC1/junit-platform-commons-1.3.0-RC1.jar:/home/lug/.m2/repository/org/opentest4j/opentest4j/1.1.0/opentest4j-1.1.0.jar:/home/lug/.m2/repository/org/junit/jupiter/junit-jupiter-api/5.3.0-RC1/junit-jupiter-api-5.3.0-RC1.jar:/home/lug/.m2/repository/org/junit/jupiter/junit-jupiter-params/5.3.0-RC1/junit-jupiter-params-5.3.0-RC1.jar:/home/lug/.m2/repository/org/junit/platform/junit-platform-runner/1.3.0-RC1/junit-platform-runner-1.3.0-RC1.jar:/home/lug/.m2/repository/org/junit/platform/junit-platform-launcher/1.3.0-RC1/junit-platform-launcher-1.3.0-RC1.jar:/home/lug/.m2/repository/org/junit/platform/junit-platform-suite-api/1.3.0-RC1/junit-platform-suite-api-1.3.0-RC1.jar:/home/lug/.m2/repository/junit/junit/4.12/junit-4.12.jar:/home/lug/.m2/repository/org/hamcrest/hamcrest-core/1.3/hamcrest-core-1.3.jar:/home/lug/.m2/repository/org/assertj/assertj-core/3.10.0/assertj-core-3.10.0.jar:/home/lug/.m2/repository/org/mockito/mockito-core/2.21.0/mockito-core-2.21.0.jar:/home/lug/.m2/repository/net/bytebuddy/byte-buddy/1.8.15/byte-buddy-1.8.15.jar:/home/lug/.m2/repository/net/bytebuddy/byte-buddy-agent/1.8.15/byte-buddy-agent-1.8.15.jar:/home/lug/.m2/repository/org/objenesis/objenesis/2.6/objenesis-2.6.jar:"/>
    <property name="java.vm.vendor" value="Oracle Corporation"/>
    <property name="sun.arch.data.model" value="64"/>
    <property name="java.vendor.url" value="http://java.oracle.com/"/>
    <property name="user.timezone" value=""/>
    <property name="java.vm.specification.version" value="11"/>
    <property name="os.name" value="Linux"/>
    <property name="sun.java.launcher" value="SUN_STANDARD"/>
    <property name="user.country" value="GB"/>
    <property name="sun.boot.library.path" value="/home/lug/java/jdk11.0.0ea25/lib"/>
    <property name="sun.java.command" value="org.apache.maven.surefire.booter.ForkedBooter /home/lug/prjs/trydent/oak/oak-base/target/surefire 2018-09-06T14-04-28_106-jvmRun1 surefire8666875916409485628tmp surefire_03921455862505831721tmp"/>
    <property name="jdk.debug" value="release"/>
    <property name="surefire.test.class.path" value="/home/lug/prjs/trydent/oak/oak-base/target/test-classes:/home/lug/.m2/repository/org/slf4j/slf4j-api/1.8.0-beta2/slf4j-api-1.8.0-beta2.jar:/home/lug/.m2/repository/org/apache/logging/log4j/log4j-slf4j-impl/2.11.1/log4j-slf4j-impl-2.11.1.jar:/home/lug/.m2/repository/org/apache/logging/log4j/log4j-api/2.11.1/log4j-api-2.11.1.jar:/home/lug/.m2/repository/org/apache/logging/log4j/log4j-core/2.11.1/log4j-core-2.11.1.jar:/home/lug/.m2/repository/org/junit/jupiter/junit-jupiter-engine/5.3.0-RC1/junit-jupiter-engine-5.3.0-RC1.jar:/home/lug/.m2/repository/org/apiguardian/apiguardian-api/1.0.0/apiguardian-api-1.0.0.jar:/home/lug/.m2/repository/org/junit/platform/junit-platform-engine/1.3.0-RC1/junit-platform-engine-1.3.0-RC1.jar:/home/lug/.m2/repository/org/junit/platform/junit-platform-commons/1.3.0-RC1/junit-platform-commons-1.3.0-RC1.jar:/home/lug/.m2/repository/org/opentest4j/opentest4j/1.1.0/opentest4j-1.1.0.jar:/home/lug/.m2/repository/org/junit/jupiter/junit-jupiter-api/5.3.0-RC1/junit-jupiter-api-5.3.0-RC1.jar:/home/lug/.m2/repository/org/junit/jupiter/junit-jupiter-params/5.3.0-RC1/junit-jupiter-params-5.3.0-RC1.jar:/home/lug/.m2/repository/org/junit/platform/junit-platform-runner/1.3.0-RC1/junit-platform-runner-1.3.0-RC1.jar:/home/lug/.m2/repository/org/junit/platform/junit-platform-launcher/1.3.0-RC1/junit-platform-launcher-1.3.0-RC1.jar:/home/lug/.m2/repository/org/junit/platform/junit-platform-suite-api/1.3.0-RC1/junit-platform-suite-api-1.3.0-RC1.jar:/home/lug/.m2/repository/junit/junit/4.12/junit-4.12.jar:/home/lug/.m2/repository/org/hamcrest/hamcrest-core/1.3/hamcrest-core-1.3.jar:/home/lug/.m2/repository/org/assertj/assertj-core/3.10.0/assertj-core-3.10.0.jar:/home/lug/.m2/repository/org/mockito/mockito-core/2.21.0/mockito-core-2.21.0.jar:/home/lug/.m2/repository/net/bytebuddy/byte-buddy/1.8.15/byte-buddy-1.8.15.jar:/home/lug/.m2/repository/net/bytebuddy/byte-buddy-agent/1.8.15/byte-buddy-agent-1.8.15.jar:/home/lug/.m2/repository/org/objenesis/objenesis/2.6/objenesis-2.6.jar:"/>
    <property name="sun.cpu.endian" value="little"/>
    <property name="user.home" value="/home/lug"/>
    <property name="user.language" value="en"/>
    <property name="java.specification.vendor" value="Oracle Corporation"/>
    <property name="jdk.module.path" value="/home/lug/.m2/repository/org/apache/commons/commons-lang3/3.7/commons-lang3-3.7.jar:/home/lug/prjs/trydent/oak/oak-base/target/classes"/>
    <property name="java.version.date" value="2018-09-25"/>
    <property name="java.home" value="/home/lug/java/jdk11.0.0ea25"/>
    <property name="file.separator" value="/"/>
    <property name="basedir" value="/home/lug/prjs/trydent/oak/oak-base"/>
    <property name="java.vm.compressedOopsMode" value="Zero based"/>
    <property name="line.separator" value="&#10;"/>
    <property name="java.specification.name" value="Java Platform API Specification"/>
    <property name="java.vm.specification.vendor" value="Oracle Corporation"/>
    <property name="java.awt.graphicsenv" value="sun.awt.X11GraphicsEnvironment"/>
    <property name="surefire.real.class.path" value="/home/lug/.m2/repository/org/apache/maven/surefire/surefire-booter/2.21.0/surefire-booter-2.21.0.jar:/home/lug/.m2/repository/org/apache/maven/surefire/surefire-api/2.21.0/surefire-api-2.21.0.jar:/home/lug/.m2/repository/org/apache/maven/surefire/surefire-logger-api/2.21.0/surefire-logger-api-2.21.0.jar:/home/lug/prjs/trydent/oak/oak-base/target/test-classes:/home/lug/.m2/repository/org/slf4j/slf4j-api/1.8.0-beta2/slf4j-api-1.8.0-beta2.jar:/home/lug/.m2/repository/org/apache/logging/log4j/log4j-slf4j-impl/2.11.1/log4j-slf4j-impl-2.11.1.jar:/home/lug/.m2/repository/org/apache/logging/log4j/log4j-api/2.11.1/log4j-api-2.11.1.jar:/home/lug/.m2/repository/org/apache/logging/log4j/log4j-core/2.11.1/log4j-core-2.11.1.jar:/home/lug/.m2/repository/org/junit/jupiter/junit-jupiter-engine/5.3.0-RC1/junit-jupiter-engine-5.3.0-RC1.jar:/home/lug/.m2/repository/org/apiguardian/apiguardian-api/1.0.0/apiguardian-api-1.0.0.jar:/home/lug/.m2/repository/org/junit/platform/junit-platform-engine/1.3.0-RC1/junit-platform-engine-1.3.0-RC1.jar:/home/lug/.m2/repository/org/junit/platform/junit-platform-commons/1.3.0-RC1/junit-platform-commons-1.3.0-RC1.jar:/home/lug/.m2/repository/org/opentest4j/opentest4j/1.1.0/opentest4j-1.1.0.jar:/home/lug/.m2/repository/org/junit/jupiter/junit-jupiter-api/5.3.0-RC1/junit-jupiter-api-5.3.0-RC1.jar:/home/lug/.m2/repository/org/junit/jupiter/junit-jupiter-params/5.3.0-RC1/junit-jupiter-params-5.3.0-RC1.jar:/home/lug/.m2/repository/org/junit/platform/junit-platform-runner/1.3.0-RC1/junit-platform-runner-1.3.0-RC1.jar:/home/lug/.m2/repository/org/junit/platform/junit-platform-launcher/1.3.0-RC1/junit-platform-launcher-1.3.0-RC1.jar:/home/lug/.m2/repository/org/junit/platform/junit-platform-suite-api/1.3.0-RC1/junit-platform-suite-api-1.3.0-RC1.jar:/home/lug/.m2/repository/junit/junit/4.12/junit-4.12.jar:/home/lug/.m2/repository/org/hamcrest/hamcrest-core/1.3/hamcrest-core-1.3.jar:/home/lug/.m2/repository/org/assertj/assertj-core/3.10.0/assertj-core-3.10.0.jar:/home/lug/.m2/repository/org/mockito/mockito-core/2.21.0/mockito-core-2.21.0.jar:/home/lug/.m2/repository/net/bytebuddy/byte-buddy/1.8.15/byte-buddy-1.8.15.jar:/home/lug/.m2/repository/net/bytebuddy/byte-buddy-agent/1.8.15/byte-buddy-agent-1.8.15.jar:/home/lug/.m2/repository/org/objenesis/objenesis/2.6/objenesis-2.6.jar:/home/lug/.m2/repository/org/junit/platform/junit-platform-surefire-provider/1.3.0-RC1/junit-platform-surefire-provider-1.3.0-RC1.jar:/home/lug/.m2/repository/org/apache/maven/surefire/common-java5/2.22.0/common-java5-2.22.0.jar:/home/lug/.m2/repository/org/ow2/asm/asm/6.2.1/asm-6.2.1.jar:/home/lug/.m2/repository/org/apache/maven/reporting/maven-reporting-api/3.0/maven-reporting-api-3.0.jar"/>
    <property name="sun.management.compiler" value="HotSpot 64-Bit Tiered Compilers"/>
    <property name="java.runtime.version" value="11-ea+25"/>
    <property name="user.name" value="lug"/>
    <property name="path.separator" value=":"/>
    <property name="os.version" value="4.15.0-33-generic"/>
    <property name="java.runtime.name" value="Java(TM) SE Runtime Environment"/>
    <property name="file.encoding" value="UTF-8"/>
    <property name="java.vm.name" value="Java HotSpot(TM) 64-Bit Server VM"/>
    <property name="java.vendor.version" value="18.9"/>
    <property name="localRepository" value="/home/lug/.m2/repository"/>
    <property name="java.vendor.url.bug" value="http://bugreport.java.com/bugreport/"/>
    <property name="java.io.tmpdir" value="/tmp"/>
    <property name="java.version" value="11-ea"/>
    <property name="user.dir" value="/home/lug/prjs/trydent/oak/oak-base"/>
    <property name="os.arch" value="amd64"/>
    <property name="java.vm.specification.name" value="Java Virtual Machine Specification"/>
    <property name="java.awt.printerjob" value="sun.print.PSPrinterJob"/>
    <property name="sun.os.patch.level" value="unknown"/>
    <property name="java.library.path" value="/usr/java/packages/lib:/usr/lib64:/lib64:/lib:/usr/lib"/>
    <property name="java.vendor" value="Oracle Corporation"/>
    <property name="java.vm.info" value="mixed mode"/>
    <property name="java.vm.version" value="11-ea+25"/>
    <property name="sun.io.unicode.encoding" value="UnicodeLittle"/>
    <property name="java.class.version" value="55.0"/>
  </properties>
  <testcase name="shouldBeB" classname="oak.collect.query.aggregate.AverageTest" time="0"/>
  <testcase name="shouldFoundB" classname="oak.collect.query.aggregate.AverageTest" time="0"/>
  <testcase name="shouldBeAverage" classname="oak.collect.query.aggregate.AverageTest" time="0"/>
  <testcase name="shouldBe2_0" classname="oak.collect.query.aggregate.AverageTest" time="0"/>
</testsuite>